Started GET "/heroines" for ::1 at 2019-12-02 11:18:54 -0500
  [1m[35m (2.9ms)[0m  [1m[34mSELECT sqlite_version(*)[0m
  
ActiveRecord::PendingMigrationError (

Migrations are pending. To resolve this issue, run:

        rails db:migrate RAILS_ENV=development

):
  
activerecord (6.0.1) lib/active_record/migration.rb:587:in `check_pending!'
activerecord (6.0.1) lib/active_record/migration.rb:564:in `call'
actionpack (6.0.1) lib/action_dispatch/middleware/callbacks.rb:27:in `block in call'
activesupport (6.0.1) lib/active_support/callbacks.rb:101:in `run_callbacks'
actionpack (6.0.1) lib/action_dispatch/middleware/callbacks.rb:26:in `call'
actionpack (6.0.1) lib/action_dispatch/middleware/executor.rb:14:in `call'
actionpack (6.0.1) lib/action_dispatch/middleware/actionable_exceptions.rb:17:in `call'
actionpack (6.0.1) lib/action_dispatch/middleware/debug_exceptions.rb:32:in `call'
web-console (4.0.1) lib/web_console/middleware.rb:132:in `call_app'
web-console (4.0.1) lib/web_console/middleware.rb:28:in `block in call'
web-console (4.0.1) lib/web_console/middleware.rb:17:in `catch'
web-console (4.0.1) lib/web_console/middleware.rb:17:in `call'
actionpack (6.0.1) lib/action_dispatch/middleware/show_exceptions.rb:33:in `call'
railties (6.0.1) lib/rails/rack/logger.rb:38:in `call_app'
railties (6.0.1) lib/rails/rack/logger.rb:26:in `block in call'
activesupport (6.0.1) lib/active_support/tagged_logging.rb:80:in `block in tagged'
activesupport (6.0.1) lib/active_support/tagged_logging.rb:28:in `tagged'
activesupport (6.0.1) lib/active_support/tagged_logging.rb:80:in `tagged'
railties (6.0.1) lib/rails/rack/logger.rb:26:in `call'
sprockets-rails (3.2.1) lib/sprockets/rails/quiet_assets.rb:13:in `call'
actionpack (6.0.1) lib/action_dispatch/middleware/remote_ip.rb:81:in `call'
actionpack (6.0.1) lib/action_dispatch/middleware/request_id.rb:27:in `call'
rack (2.0.7) lib/rack/method_override.rb:22:in `call'
rack (2.0.7) lib/rack/runtime.rb:22:in `call'
activesupport (6.0.1) lib/active_support/cache/strategy/local_cache_middleware.rb:29:in `call'
actionpack (6.0.1) lib/action_dispatch/middleware/executor.rb:14:in `call'
actionpack (6.0.1) lib/action_dispatch/middleware/static.rb:126:in `call'
rack (2.0.7) lib/rack/sendfile.rb:111:in `call'
actionpack (6.0.1) lib/action_dispatch/middleware/host_authorization.rb:83:in `call'
webpacker (4.2.0) lib/webpacker/dev_server_proxy.rb:23:in `perform_request'
rack-proxy (0.6.5) lib/rack/proxy.rb:57:in `call'
railties (6.0.1) lib/rails/engine.rb:526:in `call'
puma (4.3.0) lib/puma/configuration.rb:228:in `call'
puma (4.3.0) lib/puma/server.rb:667:in `handle_request'
puma (4.3.0) lib/puma/server.rb:470:in `process_client'
puma (4.3.0) lib/puma/server.rb:328:in `block in run'
puma (4.3.0) lib/puma/thread_pool.rb:134:in `block in spawn_thread'
Started GET "/listings" for ::1 at 2019-12-02 11:18:59 -0500
  
ActiveRecord::PendingMigrationError (

Migrations are pending. To resolve this issue, run:

        rails db:migrate RAILS_ENV=development

):
  
activerecord (6.0.1) lib/active_record/migration.rb:587:in `check_pending!'
activerecord (6.0.1) lib/active_record/migration.rb:564:in `call'
actionpack (6.0.1) lib/action_dispatch/middleware/callbacks.rb:27:in `block in call'
activesupport (6.0.1) lib/active_support/callbacks.rb:101:in `run_callbacks'
actionpack (6.0.1) lib/action_dispatch/middleware/callbacks.rb:26:in `call'
actionpack (6.0.1) lib/action_dispatch/middleware/executor.rb:14:in `call'
actionpack (6.0.1) lib/action_dispatch/middleware/actionable_exceptions.rb:17:in `call'
actionpack (6.0.1) lib/action_dispatch/middleware/debug_exceptions.rb:32:in `call'
web-console (4.0.1) lib/web_console/middleware.rb:132:in `call_app'
web-console (4.0.1) lib/web_console/middleware.rb:28:in `block in call'
web-console (4.0.1) lib/web_console/middleware.rb:17:in `catch'
web-console (4.0.1) lib/web_console/middleware.rb:17:in `call'
actionpack (6.0.1) lib/action_dispatch/middleware/show_exceptions.rb:33:in `call'
railties (6.0.1) lib/rails/rack/logger.rb:38:in `call_app'
railties (6.0.1) lib/rails/rack/logger.rb:26:in `block in call'
activesupport (6.0.1) lib/active_support/tagged_logging.rb:80:in `block in tagged'
activesupport (6.0.1) lib/active_support/tagged_logging.rb:28:in `tagged'
activesupport (6.0.1) lib/active_support/tagged_logging.rb:80:in `tagged'
railties (6.0.1) lib/rails/rack/logger.rb:26:in `call'
sprockets-rails (3.2.1) lib/sprockets/rails/quiet_assets.rb:13:in `call'
actionpack (6.0.1) lib/action_dispatch/middleware/remote_ip.rb:81:in `call'
actionpack (6.0.1) lib/action_dispatch/middleware/request_id.rb:27:in `call'
rack (2.0.7) lib/rack/method_override.rb:22:in `call'
rack (2.0.7) lib/rack/runtime.rb:22:in `call'
activesupport (6.0.1) lib/active_support/cache/strategy/local_cache_middleware.rb:29:in `call'
actionpack (6.0.1) lib/action_dispatch/middleware/executor.rb:14:in `call'
actionpack (6.0.1) lib/action_dispatch/middleware/static.rb:126:in `call'
rack (2.0.7) lib/rack/sendfile.rb:111:in `call'
actionpack (6.0.1) lib/action_dispatch/middleware/host_authorization.rb:83:in `call'
webpacker (4.2.0) lib/webpacker/dev_server_proxy.rb:23:in `perform_request'
rack-proxy (0.6.5) lib/rack/proxy.rb:57:in `call'
railties (6.0.1) lib/rails/engine.rb:526:in `call'
puma (4.3.0) lib/puma/configuration.rb:228:in `call'
puma (4.3.0) lib/puma/server.rb:667:in `handle_request'
puma (4.3.0) lib/puma/server.rb:470:in `process_client'
puma (4.3.0) lib/puma/server.rb:328:in `block in run'
puma (4.3.0) lib/puma/thread_pool.rb:134:in `block in spawn_thread'
  [1m[35m (0.9ms)[0m  [1m[34mSELECT sqlite_version(*)[0m
  [1m[35m (4.7ms)[0m  [1m[35mCREATE TABLE "schema_migrations" ("version" varchar NOT NULL PRIMARY KEY)[0m
  [1m[35m (1.1ms)[0m  [1m[35mCREATE TABLE "ar_internal_metadata" ("key" varchar NOT NULL PRIMARY KEY, "value" varchar, "created_at" datetime(6) NOT NULL, "updated_at" datetime(6) NOT NULL)[0m
  [1m[35m (0.2ms)[0m  [1m[34mSELECT "schema_migrations"."version" FROM "schema_migrations" ORDER BY "schema_migrations"."version" ASC[0m
Migrating to CreateListings (20191202160827)
  [1m[35m (0.1ms)[0m  [1m[36mbegin transaction[0m
  [1m[35m (0.5ms)[0m  [1m[35mCREATE TABLE "listings" ("id" integer PRIMARY KEY AUTOINCREMENT NOT NULL, "street_address" varchar, "city" varchar, "state" varchar, "zip_code" integer, "user_id" integer, "price" integer, "floors" integer, "bedrooms" integer, "bathrooms" integer, "description" varchar, "created_at" datetime(6) NOT NULL, "updated_at" datetime(6) NOT NULL)[0m
  [1m[36mprimary::SchemaMigration Create (0.2ms)[0m  [1m[32mINSERT INTO "schema_migrations" ("version") VALUES (?)[0m  [["version", "20191202160827"]]
  [1m[35m (1.1ms)[0m  [1m[36mcommit transaction[0m
  [1m[36mActiveRecord::InternalMetadata Load (0.2ms)[0m  [1m[34mSELECT "ar_internal_metadata".* FROM "ar_internal_metadata" WHERE "ar_internal_metadata"."key" = ? LIMIT ?[0m  [["key", "environment"], ["LIMIT", 1]]
  [1m[35m (0.0ms)[0m  [1m[36mbegin transaction[0m
  [1m[36mActiveRecord::InternalMetadata Create (0.3ms)[0m  [1m[32mINSERT INTO "ar_internal_metadata" ("key", "value", "created_at", "updated_at") VALUES (?, ?, ?, ?)[0m  [["key", "environment"], ["value", "development"], ["created_at", "2019-12-02 16:19:17.479374"], ["updated_at", "2019-12-02 16:19:17.479374"]]
  [1m[35m (1.4ms)[0m  [1m[36mcommit transaction[0m
  [1m[35m (0.1ms)[0m  [1m[34mSELECT sqlite_version(*)[0m
  [1m[35m (0.1ms)[0m  [1m[34mSELECT "schema_migrations"."version" FROM "schema_migrations" ORDER BY "schema_migrations"."version" ASC[0m
Started GET "/listings" for ::1 at 2019-12-02 11:19:31 -0500
  [1m[35m (0.8ms)[0m  [1m[34mSELECT sqlite_version(*)[0m
  [1m[35m (0.1ms)[0m  [1m[34mSELECT "schema_migrations"."version" FROM "schema_migrations" ORDER BY "schema_migrations"."version" ASC[0m
Processing by ListingsController#index as HTML
  Rendering listings/index.html.erb within layouts/application
  Rendered listings/index.html.erb within layouts/application (Duration: 1.4ms | Allocations: 206)
[Webpacker] Compiling...
[Webpacker] Compiled all packs in /Users/baraksaidoff/Development/code/mod2/cozy-cabins/public/packs
[Webpacker] Hash: 53154d7baad00c6a1252
Version: webpack 4.41.2
Time: 1984ms
Built at: 12/02/2019 11:19:36 AM
                                     Asset       Size       Chunks                         Chunk Names
    js/application-0b67a3cc2fcde6055024.js    124 KiB  application  [emitted] [immutable]  application
js/application-0b67a3cc2fcde6055024.js.map    139 KiB  application  [emitted] [dev]        application
                             manifest.json  364 bytes               [emitted]              
Entrypoint application = js/application-0b67a3cc2fcde6055024.js js/application-0b67a3cc2fcde6055024.js.map
[./app/javascript/channels sync recursive _channel\.js$] ./app/javascript/channels sync _channel\.js$ 160 bytes {application} [built]
[./app/javascript/channels/index.js] 211 bytes {application} [built]
[./app/javascript/packs/application.js] 749 bytes {application} [built]
[./node_modules/webpack/buildin/module.js] (webpack)/buildin/module.js 552 bytes {application} [built]
    + 3 hidden modules

Completed 200 OK in 4455ms (Views: 4443.8ms | ActiveRecord: 0.0ms | Allocations: 19783)


Started GET "/listings/new" for ::1 at 2019-12-02 11:19:57 -0500
  
AbstractController::ActionNotFound (The action 'new' could not be found for ListingsController):
  
actionpack (6.0.1) lib/abstract_controller/base.rb:131:in `process'
actionview (6.0.1) lib/action_view/rendering.rb:39:in `process'
actionpack (6.0.1) lib/action_controller/metal.rb:191:in `dispatch'
actionpack (6.0.1) lib/action_controller/metal.rb:252:in `dispatch'
actionpack (6.0.1) lib/action_dispatch/routing/route_set.rb:51:in `dispatch'
actionpack (6.0.1) lib/action_dispatch/routing/route_set.rb:33:in `serve'
actionpack (6.0.1) lib/action_dispatch/journey/router.rb:49:in `block in serve'
actionpack (6.0.1) lib/action_dispatch/journey/router.rb:32:in `each'
actionpack (6.0.1) lib/action_dispatch/journey/router.rb:32:in `serve'
actionpack (6.0.1) lib/action_dispatch/routing/route_set.rb:837:in `call'
rack (2.0.7) lib/rack/tempfile_reaper.rb:15:in `call'
rack (2.0.7) lib/rack/etag.rb:25:in `call'
rack (2.0.7) lib/rack/conditional_get.rb:25:in `call'
rack (2.0.7) lib/rack/head.rb:12:in `call'
actionpack (6.0.1) lib/action_dispatch/http/content_security_policy.rb:18:in `call'
rack (2.0.7) lib/rack/session/abstract/id.rb:232:in `context'
rack (2.0.7) lib/rack/session/abstract/id.rb:226:in `call'
actionpack (6.0.1) lib/action_dispatch/middleware/cookies.rb:648:in `call'
activerecord (6.0.1) lib/active_record/migration.rb:567:in `call'
actionpack (6.0.1) lib/action_dispatch/middleware/callbacks.rb:27:in `block in call'
activesupport (6.0.1) lib/active_support/callbacks.rb:101:in `run_callbacks'
actionpack (6.0.1) lib/action_dispatch/middleware/callbacks.rb:26:in `call'
actionpack (6.0.1) lib/action_dispatch/middleware/executor.rb:14:in `call'
actionpack (6.0.1) lib/action_dispatch/middleware/actionable_exceptions.rb:17:in `call'
actionpack (6.0.1) lib/action_dispatch/middleware/debug_exceptions.rb:32:in `call'
web-console (4.0.1) lib/web_console/middleware.rb:132:in `call_app'
web-console (4.0.1) lib/web_console/middleware.rb:28:in `block in call'
web-console (4.0.1) lib/web_console/middleware.rb:17:in `catch'
web-console (4.0.1) lib/web_console/middleware.rb:17:in `call'
actionpack (6.0.1) lib/action_dispatch/middleware/show_exceptions.rb:33:in `call'
railties (6.0.1) lib/rails/rack/logger.rb:38:in `call_app'
railties (6.0.1) lib/rails/rack/logger.rb:26:in `block in call'
activesupport (6.0.1) lib/active_support/tagged_logging.rb:80:in `block in tagged'
activesupport (6.0.1) lib/active_support/tagged_logging.rb:28:in `tagged'
activesupport (6.0.1) lib/active_support/tagged_logging.rb:80:in `tagged'
railties (6.0.1) lib/rails/rack/logger.rb:26:in `call'
sprockets-rails (3.2.1) lib/sprockets/rails/quiet_assets.rb:13:in `call'
actionpack (6.0.1) lib/action_dispatch/middleware/remote_ip.rb:81:in `call'
actionpack (6.0.1) lib/action_dispatch/middleware/request_id.rb:27:in `call'
rack (2.0.7) lib/rack/method_override.rb:22:in `call'
rack (2.0.7) lib/rack/runtime.rb:22:in `call'
activesupport (6.0.1) lib/active_support/cache/strategy/local_cache_middleware.rb:29:in `call'
actionpack (6.0.1) lib/action_dispatch/middleware/executor.rb:14:in `call'
actionpack (6.0.1) lib/action_dispatch/middleware/static.rb:126:in `call'
rack (2.0.7) lib/rack/sendfile.rb:111:in `call'
actionpack (6.0.1) lib/action_dispatch/middleware/host_authorization.rb:83:in `call'
webpacker (4.2.0) lib/webpacker/dev_server_proxy.rb:23:in `perform_request'
rack-proxy (0.6.5) lib/rack/proxy.rb:57:in `call'
railties (6.0.1) lib/rails/engine.rb:526:in `call'
puma (4.3.0) lib/puma/configuration.rb:228:in `call'
puma (4.3.0) lib/puma/server.rb:667:in `handle_request'
puma (4.3.0) lib/puma/server.rb:470:in `process_client'
puma (4.3.0) lib/puma/server.rb:328:in `block in run'
puma (4.3.0) lib/puma/thread_pool.rb:134:in `block in spawn_thread'
Started GET "/listings/new" for ::1 at 2019-12-02 11:20:28 -0500
  [1m[35m (0.1ms)[0m  [1m[34mSELECT sqlite_version(*)[0m
Processing by ListingsController#new as HTML
Completed 406 Not Acceptable in 4ms (ActiveRecord: 0.0ms | Allocations: 2107)


  
ActionController::MissingExactTemplate (ListingsController#new is missing a template for request formats: text/html):
  
actionpack (6.0.1) lib/action_controller/metal/implicit_render.rb:45:in `default_render'
actionpack (6.0.1) lib/action_controller/metal/basic_implicit_render.rb:6:in `block in send_action'
actionpack (6.0.1) lib/action_controller/metal/basic_implicit_render.rb:6:in `tap'
actionpack (6.0.1) lib/action_controller/metal/basic_implicit_render.rb:6:in `send_action'
actionpack (6.0.1) lib/abstract_controller/base.rb:196:in `process_action'
actionpack (6.0.1) lib/action_controller/metal/rendering.rb:30:in `process_action'
actionpack (6.0.1) lib/abstract_controller/callbacks.rb:42:in `block in process_action'
activesupport (6.0.1) lib/active_support/callbacks.rb:135:in `run_callbacks'
actionpack (6.0.1) lib/abstract_controller/callbacks.rb:41:in `process_action'
actionpack (6.0.1) lib/action_controller/metal/rescue.rb:22:in `process_action'
actionpack (6.0.1) lib/action_controller/metal/instrumentation.rb:33:in `block in process_action'
activesupport (6.0.1) lib/active_support/notifications.rb:180:in `block in instrument'
activesupport (6.0.1) lib/active_support/notifications/instrumenter.rb:24:in `instrument'
activesupport (6.0.1) lib/active_support/notifications.rb:180:in `instrument'
actionpack (6.0.1) lib/action_controller/metal/instrumentation.rb:32:in `process_action'
actionpack (6.0.1) lib/action_controller/metal/params_wrapper.rb:245:in `process_action'
activerecord (6.0.1) lib/active_record/railties/controller_runtime.rb:27:in `process_action'
actionpack (6.0.1) lib/abstract_controller/base.rb:136:in `process'
actionview (6.0.1) lib/action_view/rendering.rb:39:in `process'
actionpack (6.0.1) lib/action_controller/metal.rb:191:in `dispatch'
actionpack (6.0.1) lib/action_controller/metal.rb:252:in `dispatch'
actionpack (6.0.1) lib/action_dispatch/routing/route_set.rb:51:in `dispatch'
actionpack (6.0.1) lib/action_dispatch/routing/route_set.rb:33:in `serve'
actionpack (6.0.1) lib/action_dispatch/journey/router.rb:49:in `block in serve'
actionpack (6.0.1) lib/action_dispatch/journey/router.rb:32:in `each'
actionpack (6.0.1) lib/action_dispatch/journey/router.rb:32:in `serve'
actionpack (6.0.1) lib/action_dispatch/routing/route_set.rb:837:in `call'
rack (2.0.7) lib/rack/tempfile_reaper.rb:15:in `call'
rack (2.0.7) lib/rack/etag.rb:25:in `call'
rack (2.0.7) lib/rack/conditional_get.rb:25:in `call'
rack (2.0.7) lib/rack/head.rb:12:in `call'
actionpack (6.0.1) lib/action_dispatch/http/content_security_policy.rb:18:in `call'
rack (2.0.7) lib/rack/session/abstract/id.rb:232:in `context'
rack (2.0.7) lib/rack/session/abstract/id.rb:226:in `call'
actionpack (6.0.1) lib/action_dispatch/middleware/cookies.rb:648:in `call'
activerecord (6.0.1) lib/active_record/migration.rb:567:in `call'
actionpack (6.0.1) lib/action_dispatch/middleware/callbacks.rb:27:in `block in call'
activesupport (6.0.1) lib/active_support/callbacks.rb:101:in `run_callbacks'
actionpack (6.0.1) lib/action_dispatch/middleware/callbacks.rb:26:in `call'
actionpack (6.0.1) lib/action_dispatch/middleware/executor.rb:14:in `call'
actionpack (6.0.1) lib/action_dispatch/middleware/actionable_exceptions.rb:17:in `call'
actionpack (6.0.1) lib/action_dispatch/middleware/debug_exceptions.rb:32:in `call'
web-console (4.0.1) lib/web_console/middleware.rb:132:in `call_app'
web-console (4.0.1) lib/web_console/middleware.rb:28:in `block in call'
web-console (4.0.1) lib/web_console/middleware.rb:17:in `catch'
web-console (4.0.1) lib/web_console/middleware.rb:17:in `call'
actionpack (6.0.1) lib/action_dispatch/middleware/show_exceptions.rb:33:in `call'
railties (6.0.1) lib/rails/rack/logger.rb:38:in `call_app'
railties (6.0.1) lib/rails/rack/logger.rb:26:in `block in call'
activesupport (6.0.1) lib/active_support/tagged_logging.rb:80:in `block in tagged'
activesupport (6.0.1) lib/active_support/tagged_logging.rb:28:in `tagged'
activesupport (6.0.1) lib/active_support/tagged_logging.rb:80:in `tagged'
railties (6.0.1) lib/rails/rack/logger.rb:26:in `call'
sprockets-rails (3.2.1) lib/sprockets/rails/quiet_assets.rb:13:in `call'
actionpack (6.0.1) lib/action_dispatch/middleware/remote_ip.rb:81:in `call'
actionpack (6.0.1) lib/action_dispatch/middleware/request_id.rb:27:in `call'
rack (2.0.7) lib/rack/method_override.rb:22:in `call'
rack (2.0.7) lib/rack/runtime.rb:22:in `call'
activesupport (6.0.1) lib/active_support/cache/strategy/local_cache_middleware.rb:29:in `call'
actionpack (6.0.1) lib/action_dispatch/middleware/executor.rb:14:in `call'
actionpack (6.0.1) lib/action_dispatch/middleware/static.rb:126:in `call'
rack (2.0.7) lib/rack/sendfile.rb:111:in `call'
actionpack (6.0.1) lib/action_dispatch/middleware/host_authorization.rb:83:in `call'
webpacker (4.2.0) lib/webpacker/dev_server_proxy.rb:23:in `perform_request'
rack-proxy (0.6.5) lib/rack/proxy.rb:57:in `call'
railties (6.0.1) lib/rails/engine.rb:526:in `call'
puma (4.3.0) lib/puma/configuration.rb:228:in `call'
puma (4.3.0) lib/puma/server.rb:667:in `handle_request'
puma (4.3.0) lib/puma/server.rb:470:in `process_client'
puma (4.3.0) lib/puma/server.rb:328:in `block in run'
puma (4.3.0) lib/puma/thread_pool.rb:134:in `block in spawn_thread'
  [1m[35m (0.8ms)[0m  [1m[34mSELECT sqlite_version(*)[0m
  [1m[35m (0.5ms)[0m  [1m[34mSELECT "schema_migrations"."version" FROM "schema_migrations" ORDER BY "schema_migrations"."version" ASC[0m
  [1m[35m (0.8ms)[0m  [1m[34mSELECT sqlite_version(*)[0m
  [1m[35m (0.4ms)[0m  [1m[34mSELECT "schema_migrations"."version" FROM "schema_migrations" ORDER BY "schema_migrations"."version" ASC[0m
  [1m[35m (0.8ms)[0m  [1m[34mSELECT sqlite_version(*)[0m
  [1m[35m (0.4ms)[0m  [1m[34mSELECT "schema_migrations"."version" FROM "schema_migrations" ORDER BY "schema_migrations"."version" ASC[0m
  [1m[35m (0.8ms)[0m  [1m[34mSELECT sqlite_version(*)[0m
  [1m[35m (0.4ms)[0m  [1m[34mSELECT "schema_migrations"."version" FROM "schema_migrations" ORDER BY "schema_migrations"."version" ASC[0m
  [1m[35m (1.4ms)[0m  [1m[34mSELECT sqlite_version(*)[0m
  [1m[35m (0.5ms)[0m  [1m[34mSELECT "schema_migrations"."version" FROM "schema_migrations" ORDER BY "schema_migrations"."version" ASC[0m
  [1m[35m (0.8ms)[0m  [1m[34mSELECT sqlite_version(*)[0m
  [1m[35m (0.5ms)[0m  [1m[34mSELECT "schema_migrations"."version" FROM "schema_migrations" ORDER BY "schema_migrations"."version" ASC[0m
  [1m[35m (0.1ms)[0m  [1m[34mSELECT sqlite_version(*)[0m
  [1m[35m (0.1ms)[0m  [1m[36mbegin transaction[0m
  [1m[36mListing Create (1.8ms)[0m  [1m[32mINSERT INTO "listings" ("street_address", "city", "state", "zip_code", "price", "floors", "bedrooms", "bathrooms", "description", "created_at", "updated_at") VALUES (?, ?, ?, ?, ?, ?, ?, ?, ?, ?, ?)[0m  [["street_address", "273 Elm Street"], ["city", "West Hempstead"], ["state", "New York"], ["zip_code", 11552], ["price", 400000], ["floors", 3], ["bedrooms", 3], ["bathrooms", 4], ["description", "Beautiful Home in Long Island."], ["created_at", "2019-12-02 16:44:07.728648"], ["updated_at", "2019-12-02 16:44:07.728648"]]
  [1m[35m (1.0ms)[0m  [1m[36mcommit transaction[0m
Started GET "/listings" for ::1 at 2019-12-02 11:45:02 -0500
  [1m[35m (0.5ms)[0m  [1m[34mSELECT sqlite_version(*)[0m
  [1m[35m (0.3ms)[0m  [1m[34mSELECT "schema_migrations"."version" FROM "schema_migrations" ORDER BY "schema_migrations"."version" ASC[0m
Processing by ListingsController#index as HTML
  Rendering listings/index.html.erb within layouts/application
  [1m[36mListing Load (0.3ms)[0m  [1m[34mSELECT "listings".* FROM "listings"[0m
  ↳ app/views/listings/index.html.erb:1
  Rendered listings/index.html.erb within layouts/application (Duration: 26.7ms | Allocations: 9366)
[Webpacker] Everything's up-to-date. Nothing to do
Completed 200 OK in 83ms (Views: 71.3ms | ActiveRecord: 1.3ms | Allocations: 17672)


Started GET "/listings" for ::1 at 2019-12-02 11:45:35 -0500
Processing by ListingsController#index as HTML
  Rendering listings/index.html.erb within layouts/application
  [1m[36mListing Load (0.2ms)[0m  [1m[34mSELECT "listings".* FROM "listings"[0m
  ↳ app/views/listings/index.html.erb:1
  Rendered listings/index.html.erb within layouts/application (Duration: 3.1ms | Allocations: 755)
[Webpacker] Everything's up-to-date. Nothing to do
Completed 200 OK in 23ms (Views: 19.8ms | ActiveRecord: 0.2ms | Allocations: 5701)


Started GET "/listings" for ::1 at 2019-12-02 11:45:42 -0500
Processing by ListingsController#index as HTML
  Rendering listings/index.html.erb within layouts/application
  [1m[36mListing Load (0.1ms)[0m  [1m[34mSELECT "listings".* FROM "listings"[0m
  ↳ app/views/listings/index.html.erb:1
  Rendered listings/index.html.erb within layouts/application (Duration: 2.5ms | Allocations: 754)
[Webpacker] Everything's up-to-date. Nothing to do
Completed 200 OK in 20ms (Views: 17.4ms | ActiveRecord: 0.1ms | Allocations: 5699)


Started GET "/listings" for ::1 at 2019-12-02 11:45:53 -0500
Processing by ListingsController#index as HTML
  Rendering listings/index.html.erb within layouts/application
  [1m[36mListing Load (0.1ms)[0m  [1m[34mSELECT "listings".* FROM "listings"[0m
  ↳ app/views/listings/index.html.erb:1
  Rendered listings/index.html.erb within layouts/application (Duration: 2.5ms | Allocations: 591)
[Webpacker] Everything's up-to-date. Nothing to do
Completed 200 OK in 40ms (Views: 39.1ms | ActiveRecord: 0.1ms | Allocations: 6422)


Started GET "/listings" for ::1 at 2019-12-02 11:45:55 -0500
Processing by ListingsController#index as HTML
  Rendering listings/index.html.erb within layouts/application
  [1m[36mListing Load (0.2ms)[0m  [1m[34mSELECT "listings".* FROM "listings"[0m
  ↳ app/views/listings/index.html.erb:1
  Rendered listings/index.html.erb within layouts/application (Duration: 2.3ms | Allocations: 760)
[Webpacker] Everything's up-to-date. Nothing to do
Completed 200 OK in 16ms (Views: 13.5ms | ActiveRecord: 0.2ms | Allocations: 5723)


Started GET "/listings" for ::1 at 2019-12-02 11:47:09 -0500
Processing by ListingsController#index as HTML
  Rendering listings/index.html.erb within layouts/application
  [1m[36mListing Load (0.2ms)[0m  [1m[34mSELECT "listings".* FROM "listings"[0m
  ↳ app/views/listings/index.html.erb:1
  Rendered listings/index.html.erb within layouts/application (Duration: 2.3ms | Allocations: 746)
[Webpacker] Everything's up-to-date. Nothing to do
Completed 200 OK in 13ms (Views: 11.4ms | ActiveRecord: 0.2ms | Allocations: 5684)


Started GET "/listings" for ::1 at 2019-12-02 13:07:23 -0500
  [1m[35m (1.2ms)[0m  [1m[34mSELECT sqlite_version(*)[0m
  [1m[35m (0.2ms)[0m  [1m[34mSELECT "schema_migrations"."version" FROM "schema_migrations" ORDER BY "schema_migrations"."version" ASC[0m
Processing by ListingsController#index as HTML
  Rendering listings/index.html.erb within layouts/application
  [1m[36mListing Load (0.3ms)[0m  [1m[34mSELECT "listings".* FROM "listings"[0m
  ↳ app/views/listings/index.html.erb:1
  Rendered listings/index.html.erb within layouts/application (Duration: 36.6ms | Allocations: 13305)
[Webpacker] Everything's up-to-date. Nothing to do
Completed 200 OK in 115ms (Views: 77.0ms | ActiveRecord: 0.8ms | Allocations: 21406)


Started GET "/listings" for ::1 at 2019-12-02 13:07:44 -0500
Processing by ListingsController#index as HTML
  Rendering listings/index.html.erb within layouts/application
  [1m[36mListing Load (0.3ms)[0m  [1m[34mSELECT "listings".* FROM "listings"[0m
  ↳ app/views/listings/index.html.erb:1
  Rendered listings/index.html.erb within layouts/application (Duration: 2.1ms | Allocations: 627)
[Webpacker] Everything's up-to-date. Nothing to do
Completed 200 OK in 15ms (Views: 13.0ms | ActiveRecord: 0.3ms | Allocations: 4645)


Started GET "/listings" for ::1 at 2019-12-02 13:07:46 -0500
Processing by ListingsController#index as HTML
  Rendering listings/index.html.erb within layouts/application
  [1m[36mListing Load (0.1ms)[0m  [1m[34mSELECT "listings".* FROM "listings"[0m
  ↳ app/views/listings/index.html.erb:1
  Rendered listings/index.html.erb within layouts/application (Duration: 2.3ms | Allocations: 796)
[Webpacker] Everything's up-to-date. Nothing to do
Completed 200 OK in 20ms (Views: 16.7ms | ActiveRecord: 0.1ms | Allocations: 5748)


Started GET "/listings" for ::1 at 2019-12-02 13:07:55 -0500
Processing by ListingsController#index as HTML
  Rendering listings/index.html.erb within layouts/application
  [1m[36mListing Load (0.1ms)[0m  [1m[34mSELECT "listings".* FROM "listings"[0m
  ↳ app/views/listings/index.html.erb:1
  Rendered listings/index.html.erb within layouts/application (Duration: 2.0ms | Allocations: 627)
[Webpacker] Everything's up-to-date. Nothing to do
Completed 200 OK in 17ms (Views: 15.1ms | ActiveRecord: 0.1ms | Allocations: 4648)


Started GET "/listings" for ::1 at 2019-12-02 13:07:56 -0500
Processing by ListingsController#index as HTML
  Rendering listings/index.html.erb within layouts/application
  [1m[36mListing Load (0.1ms)[0m  [1m[34mSELECT "listings".* FROM "listings"[0m
  ↳ app/views/listings/index.html.erb:1
  Rendered listings/index.html.erb within layouts/application (Duration: 2.7ms | Allocations: 797)
[Webpacker] Everything's up-to-date. Nothing to do
Completed 200 OK in 19ms (Views: 16.3ms | ActiveRecord: 0.1ms | Allocations: 5740)


Started GET "/listings" for ::1 at 2019-12-02 13:08:23 -0500
Processing by ListingsController#index as HTML
  Rendering listings/index.html.erb within layouts/application
  [1m[36mListing Load (0.1ms)[0m  [1m[34mSELECT "listings".* FROM "listings"[0m
  ↳ app/views/listings/index.html.erb:1
  Rendered listings/index.html.erb within layouts/application (Duration: 1.9ms | Allocations: 802)
[Webpacker] Everything's up-to-date. Nothing to do
Completed 200 OK in 14ms (Views: 13.0ms | ActiveRecord: 0.1ms | Allocations: 5744)


Started GET "/listings" for ::1 at 2019-12-02 13:08:48 -0500
Processing by ListingsController#index as HTML
  Rendering listings/index.html.erb within layouts/application
  [1m[36mListing Load (0.1ms)[0m  [1m[34mSELECT "listings".* FROM "listings"[0m
  ↳ app/views/listings/index.html.erb:1
  Rendered listings/index.html.erb within layouts/application (Duration: 2.0ms | Allocations: 786)
[Webpacker] Everything's up-to-date. Nothing to do
Completed 200 OK in 13ms (Views: 11.4ms | ActiveRecord: 0.1ms | Allocations: 5727)


Started GET "/listings" for ::1 at 2019-12-02 13:09:06 -0500
Processing by ListingsController#index as HTML
  Rendering listings/index.html.erb within layouts/application
  [1m[36mListing Load (0.1ms)[0m  [1m[34mSELECT "listings".* FROM "listings"[0m
  ↳ app/views/listings/index.html.erb:1
  Rendered listings/index.html.erb within layouts/application (Duration: 2.3ms | Allocations: 784)
[Webpacker] Everything's up-to-date. Nothing to do
Completed 200 OK in 15ms (Views: 12.7ms | ActiveRecord: 0.1ms | Allocations: 5725)


Started GET "/listings" for ::1 at 2019-12-02 13:09:54 -0500
Processing by ListingsController#index as HTML
  Rendering listings/index.html.erb within layouts/application
  [1m[36mListing Load (0.2ms)[0m  [1m[34mSELECT "listings".* FROM "listings"[0m
  ↳ app/views/listings/index.html.erb:1
  Rendered listings/index.html.erb within layouts/application (Duration: 4.1ms | Allocations: 787)
[Webpacker] Everything's up-to-date. Nothing to do
Completed 200 OK in 21ms (Views: 19.0ms | ActiveRecord: 0.2ms | Allocations: 5724)


  [1m[35m (1.1ms)[0m  [1m[34mSELECT sqlite_version(*)[0m
  [1m[35m (0.2ms)[0m  [1m[34mSELECT "schema_migrations"."version" FROM "schema_migrations" ORDER BY "schema_migrations"."version" ASC[0m
  [1m[35m (0.1ms)[0m  [1m[34mSELECT sqlite_version(*)[0m
  [1m[36mListing Load (0.4ms)[0m  [1m[34mSELECT "listings".* FROM "listings"[0m
  [1m[35m (0.1ms)[0m  [1m[36mbegin transaction[0m
  [1m[36mListing Destroy (1.2ms)[0m  [1m[31mDELETE FROM "listings" WHERE "listings"."id" = ?[0m  [["id", 1]]
  [1m[35m (1.3ms)[0m  [1m[36mcommit transaction[0m
  [1m[35m (0.1ms)[0m  [1m[36mbegin transaction[0m
  [1m[36mListing Create (0.4ms)[0m  [1m[32mINSERT INTO "listings" ("street_address", "city", "state", "zip_code", "price", "floors", "bedrooms", "bathrooms", "description", "created_at", "updated_at") VALUES (?, ?, ?, ?, ?, ?, ?, ?, ?, ?, ?)[0m  [["street_address", "7628 Turner Trafficway"], ["city", "East Renae"], ["state", "Georgia"], ["zip_code", 47552], ["price", 177805], ["floors", 1], ["bedrooms", 3], ["bathrooms", 2], ["description", "The SDD transmitter is down, calculate the virtual sensor so we can parse the THX application!"], ["created_at", "2019-12-02 18:21:58.129183"], ["updated_at", "2019-12-02 18:21:58.129183"]]
  [1m[35m (1.0ms)[0m  [1m[36mcommit transaction[0m
  [1m[35m (0.1ms)[0m  [1m[36mbegin transaction[0m
  [1m[36mListing Create (0.4ms)[0m  [1m[32mINSERT INTO "listings" ("street_address", "city", "state", "zip_code", "price", "floors", "bedrooms", "bathrooms", "description", "created_at", "updated_at") VALUES (?, ?, ?, ?, ?, ?, ?, ?, ?, ?, ?)[0m  [["street_address", "1073 Wilkinson Neck"], ["city", "Noraview"], ["state", "Indiana"], ["zip_code", 14805], ["price", 844727], ["floors", 3], ["bedrooms", 3], ["bathrooms", 1], ["description", "We need to quantify the open-source CSS matrix!"], ["created_at", "2019-12-02 18:21:58.136508"], ["updated_at", "2019-12-02 18:21:58.136508"]]
  [1m[35m (1.0ms)[0m  [1m[36mcommit transaction[0m
  [1m[35m (0.0ms)[0m  [1m[36mbegin transaction[0m
  [1m[36mListing Create (0.3ms)[0m  [1m[32mINSERT INTO "listings" ("street_address", "city", "state", "zip_code", "price", "floors", "bedrooms", "bathrooms", "description", "created_at", "updated_at") VALUES (?, ?, ?, ?, ?, ?, ?, ?, ?, ?, ?)[0m  [["street_address", "760 Elvis Lock"], ["city", "Allisonchester"], ["state", "Illinois"], ["zip_code", 78684], ["price", 684136], ["floors", 1], ["bedrooms", 1], ["bathrooms", 2], ["description", "If we reboot the circuit, we can get to the SMS alarm through the haptic HDD bus!"], ["created_at", "2019-12-02 18:21:58.142397"], ["updated_at", "2019-12-02 18:21:58.142397"]]
  [1m[35m (0.9ms)[0m  [1m[36mcommit transaction[0m
  [1m[35m (0.1ms)[0m  [1m[36mbegin transaction[0m
  [1m[36mListing Create (0.3ms)[0m  [1m[32mINSERT INTO "listings" ("street_address", "city", "state", "zip_code", "price", "floors", "bedrooms", "bathrooms", "description", "created_at", "updated_at") VALUES (?, ?, ?, ?, ?, ?, ?, ?, ?, ?, ?)[0m  [["street_address", "3687 Ellis Rue"], ["city", "South Betsy"], ["state", "Kansas"], ["zip_code", 96137], ["price", 179639], ["floors", 4], ["bedrooms", 2], ["bathrooms", 1], ["description", "We need to back up the cross-platform SAS array!"], ["created_at", "2019-12-02 18:21:58.148103"], ["updated_at", "2019-12-02 18:21:58.148103"]]
  [1m[35m (0.9ms)[0m  [1m[36mcommit transaction[0m
  [1m[35m (0.0ms)[0m  [1m[36mbegin transaction[0m
  [1m[36mListing Create (0.3ms)[0m  [1m[32mINSERT INTO "listings" ("street_address", "city", "state", "zip_code", "price", "floors", "bedrooms", "bathrooms", "description", "created_at", "updated_at") VALUES (?, ?, ?, ?, ?, ?, ?, ?, ?, ?, ?)[0m  [["street_address", "22387 Lockman Inlet"], ["city", "Maeganfurt"], ["state", "Alabama"], ["zip_code", 17025], ["price", 907689], ["floors", 2], ["bedrooms", 2], ["bathrooms", 2], ["description", "Use the back-end SCSI feed, then you can navigate the bluetooth matrix!"], ["created_at", "2019-12-02 18:21:58.153467"], ["updated_at", "2019-12-02 18:21:58.153467"]]
  [1m[35m (1.0ms)[0m  [1m[36mcommit transaction[0m
  [1m[35m (0.1ms)[0m  [1m[36mbegin transaction[0m
  [1m[36mListing Create (0.3ms)[0m  [1m[32mINSERT INTO "listings" ("street_address", "city", "state", "zip_code", "price", "floors", "bedrooms", "bathrooms", "description", "created_at", "updated_at") VALUES (?, ?, ?, ?, ?, ?, ?, ?, ?, ?, ?)[0m  [["street_address", "990 Alexia Station"], ["city", "West Tildachester"], ["state", "Ohio"], ["zip_code", 45596], ["price", 103979], ["floors", 2], ["bedrooms", 2], ["bathrooms", 2], ["description", "Use the auxiliary AI interface, then you can navigate the open-source firewall!"], ["created_at", "2019-12-02 18:21:58.158980"], ["updated_at", "2019-12-02 18:21:58.158980"]]
  [1m[35m (0.7ms)[0m  [1m[36mcommit transaction[0m
  [1m[35m (0.0ms)[0m  [1m[36mbegin transaction[0m
  [1m[36mListing Create (0.4ms)[0m  [1m[32mINSERT INTO "listings" ("street_address", "city", "state", "zip_code", "price", "floors", "bedrooms", "bathrooms", "description", "created_at", "updated_at") VALUES (?, ?, ?, ?, ?, ?, ?, ?, ?, ?, ?)[0m  [["street_address", "5662 Toy Meadows"], ["city", "Hartmannside"], ["state", "Pennsylvania"], ["zip_code", 65258], ["price", 652631], ["floors", 5], ["bedrooms", 4], ["bathrooms", 3], ["description", "If we bypass the bus, we can get to the HTTP port through the neural THX feed!"], ["created_at", "2019-12-02 18:21:58.163537"], ["updated_at", "2019-12-02 18:21:58.163537"]]
  [1m[35m (0.6ms)[0m  [1m[36mcommit transaction[0m
  [1m[35m (0.1ms)[0m  [1m[36mbegin transaction[0m
  [1m[36mListing Create (0.3ms)[0m  [1m[32mINSERT INTO "listings" ("street_address", "city", "state", "zip_code", "price", "floors", "bedrooms", "bathrooms", "description", "created_at", "updated_at") VALUES (?, ?, ?, ?, ?, ?, ?, ?, ?, ?, ?)[0m  [["street_address", "437 Jesus Court"], ["city", "South Dottie"], ["state", "Tennessee"], ["zip_code", 69862], ["price", 640547], ["floors", 2], ["bedrooms", 2], ["bathrooms", 2], ["description", "Use the optical SMTP program, then you can bypass the multi-byte capacitor!"], ["created_at", "2019-12-02 18:21:58.168442"], ["updated_at", "2019-12-02 18:21:58.168442"]]
  [1m[35m (1.0ms)[0m  [1m[36mcommit transaction[0m
  [1m[35m (0.1ms)[0m  [1m[36mbegin transaction[0m
  [1m[36mListing Create (0.4ms)[0m  [1m[32mINSERT INTO "listings" ("street_address", "city", "state", "zip_code", "price", "floors", "bedrooms", "bathrooms", "description", "created_at", "updated_at") VALUES (?, ?, ?, ?, ?, ?, ?, ?, ?, ?, ?)[0m  [["street_address", "9088 Schaefer Rue"], ["city", "Pacochatown"], ["state", "New Mexico"], ["zip_code", 23842], ["price", 896311], ["floors", 1], ["bedrooms", 1], ["bathrooms", 4], ["description", "Quantifying the sensor won't do anything, we need to program the auxiliary adp panel!"], ["created_at", "2019-12-02 18:21:58.173374"], ["updated_at", "2019-12-02 18:21:58.173374"]]
  [1m[35m (0.6ms)[0m  [1m[36mcommit transaction[0m
  [1m[35m (0.0ms)[0m  [1m[36mbegin transaction[0m
  [1m[36mListing Create (0.3ms)[0m  [1m[32mINSERT INTO "listings" ("street_address", "city", "state", "zip_code", "price", "floors", "bedrooms", "bathrooms", "description", "created_at", "updated_at") VALUES (?, ?, ?, ?, ?, ?, ?, ?, ?, ?, ?)[0m  [["street_address", "4304 Librada Stream"], ["city", "Torphyview"], ["state", "Massachusetts"], ["zip_code", 47974], ["price", 751126], ["floors", 1], ["bedrooms", 5], ["bathrooms", 1], ["description", "You can't synthesize the system without synthesizing the cross-platform JSON card!"], ["created_at", "2019-12-02 18:21:58.177719"], ["updated_at", "2019-12-02 18:21:58.177719"]]
  [1m[35m (1.1ms)[0m  [1m[36mcommit transaction[0m
Started GET "/listings" for ::1 at 2019-12-02 13:22:21 -0500
  [1m[35m (1.0ms)[0m  [1m[34mSELECT sqlite_version(*)[0m
  [1m[35m (1.1ms)[0m  [1m[34mSELECT "schema_migrations"."version" FROM "schema_migrations" ORDER BY "schema_migrations"."version" ASC[0m
Processing by ListingsController#index as HTML
  Rendering listings/index.html.erb within layouts/application
  [1m[36mListing Load (0.4ms)[0m  [1m[34mSELECT "listings".* FROM "listings"[0m
  ↳ app/views/listings/index.html.erb:1
  Rendered listings/index.html.erb within layouts/application (Duration: 225.4ms | Allocations: 129788)
[Webpacker] Everything's up-to-date. Nothing to do
Completed 200 OK in 294ms (Views: 275.4ms | ActiveRecord: 1.8ms | Allocations: 137891)


Started GET "/listings" for ::1 at 2019-12-02 13:24:07 -0500
Processing by ListingsController#index as HTML
  Rendering listings/index.html.erb within layouts/application
  [1m[36mListing Load (0.3ms)[0m  [1m[34mSELECT "listings".* FROM "listings"[0m
  ↳ app/views/listings/index.html.erb:1
  Rendered listings/index.html.erb within layouts/application (Duration: 12.7ms | Allocations: 4500)
Completed 500 Internal Server Error in 18ms (ActiveRecord: 0.3ms | Allocations: 5864)


  
ActionView::Template::Error (No route matches {:action=>"show", :controller=>"listings"}, missing required keys: [:id]):
    1: <% @listings.each do |listing|%>
    2: <h1><%= link_to "#{listing.street_address}", listing_path %></h1>
    3: <%= listing.city %>,
    4: <%= listing.state %>
    5: <br>
  
app/views/listings/index.html.erb:2
app/views/listings/index.html.erb:1
Started GET "/listings" for ::1 at 2019-12-02 13:24:37 -0500
  [1m[35m (0.1ms)[0m  [1m[34mSELECT sqlite_version(*)[0m
Processing by ListingsController#index as HTML
  Rendering listings/index.html.erb within layouts/application
  [1m[36mListing Load (0.2ms)[0m  [1m[34mSELECT "listings".* FROM "listings"[0m
  ↳ app/views/listings/index.html.erb:1
  Rendered listings/index.html.erb within layouts/application (Duration: 13.6ms | Allocations: 9870)
Completed 500 Internal Server Error in 18ms (ActiveRecord: 1.0ms | Allocations: 11599)


  
ActionView::Template::Error (No route matches {:action=>"show", :controller=>"listings"}, missing required keys: [:id]):
    1: <% @listings.each do |listing|%>
    2: <h1><%= link_to "#{listing.street_address}", listing_path %></h1>
    3: <%= listing.city %>,
    4: <%= listing.state %>
    5: <br>
  
app/views/listings/index.html.erb:2
app/views/listings/index.html.erb:1
Started GET "/listings" for ::1 at 2019-12-02 13:27:25 -0500
Processing by ListingsController#index as HTML
  Rendering listings/index.html.erb within layouts/application
  [1m[36mListing Load (0.2ms)[0m  [1m[34mSELECT "listings".* FROM "listings"[0m
  ↳ app/views/listings/index.html.erb:1
  Rendered listings/index.html.erb within layouts/application (Duration: 3.3ms | Allocations: 1837)
Completed 500 Internal Server Error in 9ms (ActiveRecord: 0.2ms | Allocations: 3197)


  
ActionView::Template::Error (No route matches {:action=>"show", :controller=>"listings"}, missing required keys: [:id]):
    1: <% @listings.each do |listing|%>
    2: <h1><%= link_to "#{listing.street_address}", listing_path %></h1>
    3: <%= listing.city %>,
    4: <%= listing.state %>
    5: <br>
  
app/views/listings/index.html.erb:2
app/views/listings/index.html.erb:1
Started GET "/listings" for ::1 at 2019-12-02 13:27:31 -0500
Processing by ListingsController#index as HTML
  Rendering listings/index.html.erb within layouts/application
  [1m[36mListing Load (0.3ms)[0m  [1m[34mSELECT "listings".* FROM "listings"[0m
  ↳ app/views/listings/index.html.erb:1
  Rendered listings/index.html.erb within layouts/application (Duration: 3.3ms | Allocations: 1653)
Completed 500 Internal Server Error in 6ms (ActiveRecord: 0.3ms | Allocations: 2260)


  
ActionView::Template::Error (No route matches {:action=>"show", :controller=>"listings"}, missing required keys: [:id]):
    1: <% @listings.each do |listing|%>
    2: <h1><%= link_to "#{listing.street_address}", listing_path %></h1>
    3: <%= listing.city %>,
    4: <%= listing.state %>
    5: <br>
  
app/views/listings/index.html.erb:2
app/views/listings/index.html.erb:1
Started GET "/listings" for ::1 at 2019-12-02 13:28:38 -0500
Processing by ListingsController#index as HTML
  Rendering listings/index.html.erb within layouts/application
  [1m[36mListing Load (0.2ms)[0m  [1m[34mSELECT "listings".* FROM "listings"[0m
  ↳ app/views/listings/index.html.erb:1
  Rendered listings/index.html.erb within layouts/application (Duration: 3.6ms | Allocations: 1634)
[Webpacker] Everything's up-to-date. Nothing to do
Completed 200 OK in 24ms (Views: 22.4ms | ActiveRecord: 0.2ms | Allocations: 6609)


Started GET "/listings/2" for ::1 at 2019-12-02 13:28:40 -0500
Processing by ListingsController#show as HTML
  Parameters: {"id"=>"2"}
  [1m[36mListing Load (0.3ms)[0m  [1m[34mSELECT "listings".* FROM "listings" WHERE "listings"."id" = ? LIMIT ?[0m  [["id", 2], ["LIMIT", 1]]
  ↳ app/controllers/listings_controller.rb:7:in `show'
  Rendering listings/show.html.erb within layouts/application
  Rendered listings/show.html.erb within layouts/application (Duration: 8.5ms | Allocations: 2910)
Completed 500 Internal Server Error in 32ms (ActiveRecord: 0.3ms | Allocations: 6745)


  
ActionView::Template::Error (undefined method `name' for #<Listing:0x00007fde397c4100>):
    1: <%= @listing.name %>
    2: <%= @listing.address %>
    3: <%= @listing.city %>
    4: <%= @listing.state %>
  
app/views/listings/show.html.erb:1
Started GET "/listings" for ::1 at 2019-12-02 13:28:55 -0500
Processing by ListingsController#index as HTML
  Rendering listings/index.html.erb within layouts/application
  [1m[36mListing Load (0.2ms)[0m  [1m[34mSELECT "listings".* FROM "listings"[0m
  ↳ app/views/listings/index.html.erb:1
  Rendered listings/index.html.erb within layouts/application (Duration: 3.3ms | Allocations: 1614)
[Webpacker] Everything's up-to-date. Nothing to do
Completed 200 OK in 25ms (Views: 23.4ms | ActiveRecord: 0.2ms | Allocations: 6558)


Started GET "/listings/3" for ::1 at 2019-12-02 13:28:56 -0500
Processing by ListingsController#show as HTML
  Parameters: {"id"=>"3"}
  [1m[36mListing Load (0.2ms)[0m  [1m[34mSELECT "listings".* FROM "listings" WHERE "listings"."id" = ? LIMIT ?[0m  [["id", 3], ["LIMIT", 1]]
  ↳ app/controllers/listings_controller.rb:7:in `show'
  Rendering listings/show.html.erb within layouts/application
  Rendered listings/show.html.erb within layouts/application (Duration: 11.3ms | Allocations: 2931)
Completed 500 Internal Server Error in 16ms (ActiveRecord: 0.2ms | Allocations: 4187)


  
ActionView::Template::Error (undefined method `address' for #<Listing:0x00007fde37b23370>):
    1: 
    2: <%= @listing.address %>
    3: <%= @listing.city %>
    4: <%= @listing.state %>
    5: <%= @listing.floors %>
  
app/views/listings/show.html.erb:2
Started GET "/listings/3" for ::1 at 2019-12-02 13:29:05 -0500
Processing by ListingsController#show as HTML
  Parameters: {"id"=>"3"}
  [1m[36mListing Load (0.1ms)[0m  [1m[34mSELECT "listings".* FROM "listings" WHERE "listings"."id" = ? LIMIT ?[0m  [["id", 3], ["LIMIT", 1]]
  ↳ app/controllers/listings_controller.rb:7:in `show'
  Rendering listings/show.html.erb within layouts/application
  Rendered listings/show.html.erb within layouts/application (Duration: 0.5ms | Allocations: 216)
[Webpacker] Everything's up-to-date. Nothing to do
Completed 200 OK in 14ms (Views: 11.4ms | ActiveRecord: 0.1ms | Allocations: 5661)


Started GET "/listings/3" for ::1 at 2019-12-02 13:30:49 -0500
Processing by ListingsController#show as HTML
  Parameters: {"id"=>"3"}
  [1m[36mListing Load (0.2ms)[0m  [1m[34mSELECT "listings".* FROM "listings" WHERE "listings"."id" = ? LIMIT ?[0m  [["id", 3], ["LIMIT", 1]]
  ↳ app/controllers/listings_controller.rb:7:in `show'
  Rendering listings/show.html.erb within layouts/application
  Rendered listings/show.html.erb within layouts/application (Duration: 0.6ms | Allocations: 234)
[Webpacker] Everything's up-to-date. Nothing to do
Completed 200 OK in 14ms (Views: 10.4ms | ActiveRecord: 0.2ms | Allocations: 5668)


Started GET "/listings/3" for ::1 at 2019-12-02 13:30:57 -0500
Processing by ListingsController#show as HTML
  Parameters: {"id"=>"3"}
  [1m[36mListing Load (0.2ms)[0m  [1m[34mSELECT "listings".* FROM "listings" WHERE "listings"."id" = ? LIMIT ?[0m  [["id", 3], ["LIMIT", 1]]
  ↳ app/controllers/listings_controller.rb:7:in `show'
  Rendering listings/show.html.erb within layouts/application
  Rendered listings/show.html.erb within layouts/application (Duration: 0.2ms | Allocations: 26)
[Webpacker] Everything's up-to-date. Nothing to do
Completed 200 OK in 10ms (Views: 7.7ms | ActiveRecord: 0.2ms | Allocations: 4532)


Started GET "/listings/3" for ::1 at 2019-12-02 13:30:58 -0500
Processing by ListingsController#show as HTML
  Parameters: {"id"=>"3"}
  [1m[36mListing Load (0.2ms)[0m  [1m[34mSELECT "listings".* FROM "listings" WHERE "listings"."id" = ? LIMIT ?[0m  [["id", 3], ["LIMIT", 1]]
  ↳ app/controllers/listings_controller.rb:7:in `show'
  Rendering listings/show.html.erb within layouts/application
  Rendered listings/show.html.erb within layouts/application (Duration: 0.6ms | Allocations: 226)
[Webpacker] Everything's up-to-date. Nothing to do
Completed 200 OK in 12ms (Views: 9.3ms | ActiveRecord: 0.2ms | Allocations: 5658)


Started GET "/listings" for ::1 at 2019-12-02 13:31:09 -0500
Processing by ListingsController#index as HTML
  Rendering listings/index.html.erb within layouts/application
  [1m[36mListing Load (0.3ms)[0m  [1m[34mSELECT "listings".* FROM "listings"[0m
  ↳ app/views/listings/index.html.erb:1
  Rendered listings/index.html.erb within layouts/application (Duration: 7.1ms | Allocations: 1615)
[Webpacker] Everything's up-to-date. Nothing to do
Completed 200 OK in 23ms (Views: 20.0ms | ActiveRecord: 0.3ms | Allocations: 5768)


Started GET "/listings/4" for ::1 at 2019-12-02 13:31:10 -0500
Processing by ListingsController#show as HTML
  Parameters: {"id"=>"4"}
  [1m[36mListing Load (0.2ms)[0m  [1m[34mSELECT "listings".* FROM "listings" WHERE "listings"."id" = ? LIMIT ?[0m  [["id", 4], ["LIMIT", 1]]
  ↳ app/controllers/listings_controller.rb:7:in `show'
  Rendering listings/show.html.erb within layouts/application
  Rendered listings/show.html.erb within layouts/application (Duration: 0.2ms | Allocations: 26)
[Webpacker] Everything's up-to-date. Nothing to do
Completed 200 OK in 17ms (Views: 14.7ms | ActiveRecord: 0.2ms | Allocations: 4532)


Started GET "/listings/5" for ::1 at 2019-12-02 13:31:17 -0500
Processing by ListingsController#show as HTML
  Parameters: {"id"=>"5"}
  [1m[36mListing Load (0.2ms)[0m  [1m[34mSELECT "listings".* FROM "listings" WHERE "listings"."id" = ? LIMIT ?[0m  [["id", 5], ["LIMIT", 1]]
  ↳ app/controllers/listings_controller.rb:7:in `show'
  Rendering listings/show.html.erb within layouts/application
  Rendered listings/show.html.erb within layouts/application (Duration: 0.1ms | Allocations: 26)
[Webpacker] Everything's up-to-date. Nothing to do
Completed 200 OK in 27ms (Views: 23.9ms | ActiveRecord: 0.2ms | Allocations: 4533)


Started GET "/listings/5" for ::1 at 2019-12-02 13:31:50 -0500
Processing by ListingsController#show as HTML
  Parameters: {"id"=>"5"}
  [1m[36mListing Load (0.3ms)[0m  [1m[34mSELECT "listings".* FROM "listings" WHERE "listings"."id" = ? LIMIT ?[0m  [["id", 5], ["LIMIT", 1]]
  ↳ app/controllers/listings_controller.rb:7:in `show'
  Rendering listings/show.html.erb within layouts/application
  Rendered listings/show.html.erb within layouts/application (Duration: 0.1ms | Allocations: 26)
[Webpacker] Everything's up-to-date. Nothing to do
Completed 200 OK in 11ms (Views: 7.7ms | ActiveRecord: 0.3ms | Allocations: 4663)


Started GET "/listings/5" for ::1 at 2019-12-02 13:31:53 -0500
Processing by ListingsController#show as HTML
  Parameters: {"id"=>"5"}
  [1m[36mListing Load (0.2ms)[0m  [1m[34mSELECT "listings".* FROM "listings" WHERE "listings"."id" = ? LIMIT ?[0m  [["id", 5], ["LIMIT", 1]]
  ↳ app/controllers/listings_controller.rb:7:in `show'
  Rendering listings/show.html.erb within layouts/application
  Rendered listings/show.html.erb within layouts/application (Duration: 0.7ms | Allocations: 246)
[Webpacker] Everything's up-to-date. Nothing to do
Completed 200 OK in 14ms (Views: 10.5ms | ActiveRecord: 0.2ms | Allocations: 5678)


Started GET "/listings/5" for ::1 at 2019-12-02 13:32:06 -0500
Processing by ListingsController#show as HTML
  Parameters: {"id"=>"5"}
  [1m[36mListing Load (0.2ms)[0m  [1m[34mSELECT "listings".* FROM "listings" WHERE "listings"."id" = ? LIMIT ?[0m  [["id", 5], ["LIMIT", 1]]
  ↳ app/controllers/listings_controller.rb:7:in `show'
  Rendering listings/show.html.erb within layouts/application
  Rendered listings/show.html.erb within layouts/application (Duration: 0.2ms | Allocations: 29)
[Webpacker] Everything's up-to-date. Nothing to do
Completed 200 OK in 11ms (Views: 8.2ms | ActiveRecord: 0.2ms | Allocations: 4532)


Started GET "/listings/5" for ::1 at 2019-12-02 13:32:07 -0500
Processing by ListingsController#show as HTML
  Parameters: {"id"=>"5"}
  [1m[36mListing Load (0.2ms)[0m  [1m[34mSELECT "listings".* FROM "listings" WHERE "listings"."id" = ? LIMIT ?[0m  [["id", 5], ["LIMIT", 1]]
  ↳ app/controllers/listings_controller.rb:7:in `show'
  Rendering listings/show.html.erb within layouts/application
  Rendered listings/show.html.erb within layouts/application (Duration: 0.6ms | Allocations: 242)
[Webpacker] Everything's up-to-date. Nothing to do
Completed 200 OK in 12ms (Views: 9.3ms | ActiveRecord: 0.2ms | Allocations: 5679)


Started GET "/listings/5" for ::1 at 2019-12-02 13:32:30 -0500
Processing by ListingsController#show as HTML
  Parameters: {"id"=>"5"}
  [1m[36mListing Load (0.2ms)[0m  [1m[34mSELECT "listings".* FROM "listings" WHERE "listings"."id" = ? LIMIT ?[0m  [["id", 5], ["LIMIT", 1]]
  ↳ app/controllers/listings_controller.rb:7:in `show'
  Rendering listings/show.html.erb within layouts/application
  Rendered listings/show.html.erb within layouts/application (Duration: 0.1ms | Allocations: 29)
[Webpacker] Everything's up-to-date. Nothing to do
Completed 200 OK in 11ms (Views: 7.5ms | ActiveRecord: 0.2ms | Allocations: 4540)


Started GET "/listings/5" for ::1 at 2019-12-02 13:32:30 -0500
Processing by ListingsController#show as HTML
  Parameters: {"id"=>"5"}
  [1m[36mListing Load (0.3ms)[0m  [1m[34mSELECT "listings".* FROM "listings" WHERE "listings"."id" = ? LIMIT ?[0m  [["id", 5], ["LIMIT", 1]]
  ↳ app/controllers/listings_controller.rb:7:in `show'
  Rendering listings/show.html.erb within layouts/application
  Rendered listings/show.html.erb within layouts/application (Duration: 0.6ms | Allocations: 244)
[Webpacker] Everything's up-to-date. Nothing to do
Completed 200 OK in 13ms (Views: 9.5ms | ActiveRecord: 0.3ms | Allocations: 5672)


Started GET "/listings/5" for ::1 at 2019-12-02 13:32:36 -0500
Processing by ListingsController#show as HTML
  Parameters: {"id"=>"5"}
  [1m[36mListing Load (0.2ms)[0m  [1m[34mSELECT "listings".* FROM "listings" WHERE "listings"."id" = ? LIMIT ?[0m  [["id", 5], ["LIMIT", 1]]
  ↳ app/controllers/listings_controller.rb:7:in `show'
  Rendering listings/show.html.erb within layouts/application
  Rendered listings/show.html.erb within layouts/application (Duration: 0.2ms | Allocations: 29)
[Webpacker] Everything's up-to-date. Nothing to do
Completed 200 OK in 9ms (Views: 7.0ms | ActiveRecord: 0.2ms | Allocations: 4540)


Started GET "/listings/5" for ::1 at 2019-12-02 13:32:36 -0500
Processing by ListingsController#show as HTML
  Parameters: {"id"=>"5"}
  [1m[36mListing Load (0.1ms)[0m  [1m[34mSELECT "listings".* FROM "listings" WHERE "listings"."id" = ? LIMIT ?[0m  [["id", 5], ["LIMIT", 1]]
  ↳ app/controllers/listings_controller.rb:7:in `show'
  Rendering listings/show.html.erb within layouts/application
  Rendered listings/show.html.erb within layouts/application (Duration: 0.7ms | Allocations: 242)
[Webpacker] Everything's up-to-date. Nothing to do
Completed 200 OK in 14ms (Views: 11.1ms | ActiveRecord: 0.1ms | Allocations: 5677)


Started GET "/listings/5" for ::1 at 2019-12-02 13:33:29 -0500
Processing by ListingsController#show as HTML
  Parameters: {"id"=>"5"}
  [1m[36mListing Load (0.2ms)[0m  [1m[34mSELECT "listings".* FROM "listings" WHERE "listings"."id" = ? LIMIT ?[0m  [["id", 5], ["LIMIT", 1]]
  ↳ app/controllers/listings_controller.rb:7:in `show'
  Rendering listings/show.html.erb within layouts/application
  Rendered listings/show.html.erb within layouts/application (Duration: 481.8ms | Allocations: 149814)
Completed 500 Internal Server Error in 488ms (ActiveRecord: 0.2ms | Allocations: 152286)


Started GET "/listings/5" for ::1 at 2019-12-02 13:33:30 -0500
  
ActionView::Template::Error (undefined local variable or method `listing' for #<#<Class:0x00007fde3b1f0a10>:0x00007fde3b1fb140>
Did you mean?  @listing):
    3: <%= @listing.city %>,
    4: <%= @listing.state %>
    5: <br>
    6: <h3>Home List Price: $<%= number_with_delimiter(listing.price, :delimiter => ',') %></h3>
    7: Number of Floors: <%= @listing.floors %>
    8: <br>
    9: Number of Bedrooms: <%= @listing.bedrooms %>
  
app/views/listings/show.html.erb:6
  [1m[35m (0.1ms)[0m  [1m[34mSELECT sqlite_version(*)[0m
Processing by ListingsController#show as HTML
  Parameters: {"id"=>"5"}
  [1m[36mListing Load (0.3ms)[0m  [1m[34mSELECT "listings".* FROM "listings" WHERE "listings"."id" = ? LIMIT ?[0m  [["id", 5], ["LIMIT", 1]]
  ↳ app/controllers/listings_controller.rb:7:in `show'
  Rendering listings/show.html.erb within layouts/application
Started GET "/listings/5" for ::1 at 2019-12-02 13:33:30 -0500
  Rendered listings/show.html.erb within layouts/application (Duration: 406.8ms | Allocations: 151589)
  [1m[35m (0.1ms)[0m  [1m[34mSELECT sqlite_version(*)[0m
Completed 500 Internal Server Error in 412ms (ActiveRecord: 0.3ms | Allocations: 153919)


Processing by ListingsController#show as HTML
  
ActionView::Template::Error (undefined local variable or method `listing' for #<#<Class:0x00007fde3b1f0a10>:0x00007fde3aa75b00>
Did you mean?  @listing):
    3: <%= @listing.city %>,
    4: <%= @listing.state %>
    5: <br>
    6: <h3>Home List Price: $<%= number_with_delimiter(listing.price, :delimiter => ',') %></h3>
    7: Number of Floors: <%= @listing.floors %>
    8: <br>
    9: Number of Bedrooms: <%= @listing.bedrooms %>
  
app/views/listings/show.html.erb:6
  Parameters: {"id"=>"5"}
  [1m[36mListing Load (0.2ms)[0m  [1m[34mSELECT "listings".* FROM "listings" WHERE "listings"."id" = ? LIMIT ?[0m  [["id", 5], ["LIMIT", 1]]
  ↳ app/controllers/listings_controller.rb:7:in `show'
  Rendering listings/show.html.erb within layouts/application
  Rendered listings/show.html.erb within layouts/application (Duration: 336.2ms | Allocations: 151471)
Completed 500 Internal Server Error in 339ms (ActiveRecord: 0.2ms | Allocations: 152962)


Started GET "/listings/5" for ::1 at 2019-12-02 13:33:31 -0500
  
ActionView::Template::Error (undefined local variable or method `listing' for #<#<Class:0x00007fde3b1f0a10>:0x00007fde3aaa4360>
Did you mean?  @listing):
    3: <%= @listing.city %>,
    4: <%= @listing.state %>
    5: <br>
    6: <h3>Home List Price: $<%= number_with_delimiter(listing.price, :delimiter => ',') %></h3>
    7: Number of Floors: <%= @listing.floors %>
    8: <br>
    9: Number of Bedrooms: <%= @listing.bedrooms %>
  
app/views/listings/show.html.erb:6
  [1m[35m (0.1ms)[0m  [1m[34mSELECT sqlite_version(*)[0m
Processing by ListingsController#show as HTML
  Parameters: {"id"=>"5"}
  [1m[36mListing Load (0.2ms)[0m  [1m[34mSELECT "listings".* FROM "listings" WHERE "listings"."id" = ? LIMIT ?[0m  [["id", 5], ["LIMIT", 1]]
  ↳ app/controllers/listings_controller.rb:7:in `show'
  Rendering listings/show.html.erb within layouts/application
  Rendered listings/show.html.erb within layouts/application (Duration: 393.0ms | Allocations: 248025)
Completed 500 Internal Server Error in 397ms (ActiveRecord: 0.2ms | Allocations: 249287)


  
ActionView::Template::Error (undefined local variable or method `listing' for #<#<Class:0x00007fde3b1f0a10>:0x00007fde36a2dea8>
Did you mean?  @listing):
    3: <%= @listing.city %>,
    4: <%= @listing.state %>
    5: <br>
    6: <h3>Home List Price: $<%= number_with_delimiter(listing.price, :delimiter => ',') %></h3>
    7: Number of Floors: <%= @listing.floors %>
    8: <br>
    9: Number of Bedrooms: <%= @listing.bedrooms %>
  
app/views/listings/show.html.erb:6
Started GET "/listings/5" for ::1 at 2019-12-02 13:33:47 -0500
Processing by ListingsController#show as HTML
  Parameters: {"id"=>"5"}
  [1m[36mListing Load (0.2ms)[0m  [1m[34mSELECT "listings".* FROM "listings" WHERE "listings"."id" = ? LIMIT ?[0m  [["id", 5], ["LIMIT", 1]]
  ↳ app/controllers/listings_controller.rb:7:in `show'
  Rendering listings/show.html.erb within layouts/application
  Rendered listings/show.html.erb within layouts/application (Duration: 420.9ms | Allocations: 149692)
Completed 500 Internal Server Error in 425ms (ActiveRecord: 0.2ms | Allocations: 150791)


  
ActionView::Template::Error (undefined local variable or method `listing' for #<#<Class:0x00007fde3b1f0a10>:0x00007fde37c68c08>
Did you mean?  @listing):
    3: <%= @listing.city %>,
    4: <%= @listing.state %>
    5: <br>
    6: <h3>Home List Price: $<%= number_with_delimiter(@listing.price, :delimiter => ',') %></h3>
    7: Number of Floors: <%= @listing.floors %>
    8: <br>
    9: Number of Bedrooms: <%= @listing.bedrooms %>
  
app/views/listings/show.html.erb:6
Started GET "/listings/5" for ::1 at 2019-12-02 13:34:07 -0500
Processing by ListingsController#show as HTML
  Parameters: {"id"=>"5"}
  [1m[36mListing Load (0.2ms)[0m  [1m[34mSELECT "listings".* FROM "listings" WHERE "listings"."id" = ? LIMIT ?[0m  [["id", 5], ["LIMIT", 1]]
  ↳ app/controllers/listings_controller.rb:7:in `show'
  Rendering listings/show.html.erb within layouts/application
  Rendered listings/show.html.erb within layouts/application (Duration: 1.3ms | Allocations: 279)
[Webpacker] Everything's up-to-date. Nothing to do
Completed 200 OK in 26ms (Views: 22.7ms | ActiveRecord: 0.2ms | Allocations: 5721)


Started GET "/listings" for ::1 at 2019-12-02 13:34:19 -0500
Processing by ListingsController#index as HTML
  Rendering listings/index.html.erb within layouts/application
  [1m[36mListing Load (0.3ms)[0m  [1m[34mSELECT "listings".* FROM "listings"[0m
  ↳ app/views/listings/index.html.erb:1
  Rendered listings/index.html.erb within layouts/application (Duration: 5.2ms | Allocations: 1648)
[Webpacker] Everything's up-to-date. Nothing to do
Completed 200 OK in 15ms (Views: 12.8ms | ActiveRecord: 0.3ms | Allocations: 5803)


Started GET "/listings/7" for ::1 at 2019-12-02 13:34:22 -0500
Processing by ListingsController#show as HTML
  Parameters: {"id"=>"7"}
  [1m[36mListing Load (0.2ms)[0m  [1m[34mSELECT "listings".* FROM "listings" WHERE "listings"."id" = ? LIMIT ?[0m  [["id", 7], ["LIMIT", 1]]
  ↳ app/controllers/listings_controller.rb:7:in `show'
  Rendering listings/show.html.erb within layouts/application
  Rendered listings/show.html.erb within layouts/application (Duration: 0.7ms | Allocations: 65)
[Webpacker] Everything's up-to-date. Nothing to do
Completed 200 OK in 23ms (Views: 19.6ms | ActiveRecord: 0.2ms | Allocations: 4566)


